KCPSM6 Assembler log file for program 'Z:\totally_the_final_project_time_mhmm_wont_recreate_it_again\vi_sys_rom.psm'.
Generated by KCPSM6 version v2.31
Ken Chapman - Xilinx Ltd - 9th August 2012

Assembly datestamp: 10 Mar 2023
Assembly timestamp: 07:48:00

Contents
  Assembly listing
  List of PSM files
  List of CONSTANTs
  List of TABLEs
  List of STRINGs
  List of line labels
  Instruction usage statistics


Last occupied address: 047 hex
Nominal program memory size: 1K (1024)   address(9:0)
Actual memory size: 4096
  (Default memory size)
Occupied memory locations: 72
Memory locations available: 4024


Assembly listing

 Addr Code                Instruction

 000                main: 
 000  09400               INPUT s4, 00             ;   Inputs 2 - HZ control
 001  03480               AND s4, 80               ;   Mask s4 to 0b10000000
 002  36005               JUMP NZ, 005[mode_1]
 003  2200C               JUMP 00C[mode_2]
 004  22000               JUMP 000[main]           ;   mode_1 and mode_2 jump to main regardless, but just in case.
 005                      ;10hz
 005              mode_1: 
 005  20037               CALL 037[turn_on]
 006                      ; wait 75ms
 006  2003D               CALL 03D[start_delay]
 007  2003D               CALL 03D[start_delay]
 008  2003D               CALL 03D[start_delay]
 009  2003A               CALL 03A[turn_off]
 00A                      ; wait 25ms
 00A  2003D               CALL 03D[start_delay]
 00B  22000               JUMP 000[main]
 00C                      ;1hz
 00C              mode_2: 
 00C  20037               CALL 037[turn_on]
 00D                      ; wait 750ms
 00D  2003D               CALL 03D[start_delay]
 00E  2003D               CALL 03D[start_delay]
 00F  2003D               CALL 03D[start_delay]
 010  2003D               CALL 03D[start_delay]
 011  2003D               CALL 03D[start_delay]
 012  2003D               CALL 03D[start_delay]
 013  2003D               CALL 03D[start_delay]
 014  2003D               CALL 03D[start_delay]
 015  2003D               CALL 03D[start_delay]
 016  2003D               CALL 03D[start_delay]
 017  2003D               CALL 03D[start_delay]
 018  2003D               CALL 03D[start_delay]
 019  2003D               CALL 03D[start_delay]
 01A  2003D               CALL 03D[start_delay]
 01B  2003D               CALL 03D[start_delay]
 01C  2003D               CALL 03D[start_delay]
 01D  2003D               CALL 03D[start_delay]
 01E  2003D               CALL 03D[start_delay]
 01F  2003D               CALL 03D[start_delay]
 020  2003D               CALL 03D[start_delay]
 021  2003D               CALL 03D[start_delay]
 022  2003D               CALL 03D[start_delay]
 023  2003D               CALL 03D[start_delay]
 024  2003D               CALL 03D[start_delay]
 025  2003D               CALL 03D[start_delay]
 026  2003D               CALL 03D[start_delay]
 027  2003D               CALL 03D[start_delay]
 028  2003D               CALL 03D[start_delay]
 029  2003D               CALL 03D[start_delay]
 02A  2003D               CALL 03D[start_delay]
 02B  2003A               CALL 03A[turn_off]
 02C                      ; wait 250ms
 02C  2003D               CALL 03D[start_delay]
 02D  2003D               CALL 03D[start_delay]
 02E  2003D               CALL 03D[start_delay]
 02F  2003D               CALL 03D[start_delay]
 030  2003D               CALL 03D[start_delay]
 031  2003D               CALL 03D[start_delay]
 032  2003D               CALL 03D[start_delay]
 033  2003D               CALL 03D[start_delay]
 034  2003D               CALL 03D[start_delay]
 035  2003D               CALL 03D[start_delay]
 036  22000               JUMP 000[main]
 037             turn_on: 
 037                      ; copy switch values to the corresponding LEDs
 037  09301               INPUT s3, 01             ;   Inputs 1 - LEDs
 038  2D300               OUTPUT s3, 00
 039  25000               RETURN 
 03A            turn_off: 
 03A                      ; set all LEDs to 0
 03A  01300               LOAD s3, 00              ;   Outputs 1
 03B  2D300               OUTPUT s3, 00
 03C  25000               RETURN 
 03D                      ; Note: The iterators are 1 higher because we subtract first, then check.
 03D                      ; wait 0.025s
 03D         start_delay: 
 03D  010B6               LOAD s0, B6              ; dec 182
 03E         delay_for_0: 
 03E  19001               SUB s0, 01
 03F  32047               JUMP Z, 047[delay_end]
 040  01136               LOAD s1, 36              ; dec 54
 041         delay_for_1: 
 041  19101               SUB s1, 01
 042  3203E               JUMP Z, 03E[delay_for_0]
 043  0122C               LOAD s2, 2C              ; dec 44
 044         delay_for_2: 
 044  19201               SUB s2, 01
 045  32041               JUMP Z, 041[delay_for_1]
 046  22044               JUMP 044[delay_for_2]
 047           delay_end: 
 047  25000               RETURN 



List of PSM files that have been assembled

Z:\totally_the_final_project_time_mhmm_wont_recreate_it_again\vi_sys_rom.psm



List of defined constants

 CONSTANT name     Value        Source PSM File

 timestamp_hours   07'd         
 timestamp_minutes 48'd         
 timestamp_seconds 00'd         
 datestamp_year    23'd         
 datestamp_month   3'd          
 datestamp_day     10'd         



No TABLEs defined



List of text strings

 STRING name       String         Source PSM File

 KCPSM6_version$   "v2.31"        
 datestamp$        "10 Mar 2023"  
 timestamp$        "07:48:00"     



List of line labels

 Label         Addr  Source PSM File

 main          000   vi_sys_rom.psm
 mode_1        005   vi_sys_rom.psm
 mode_2        00C   vi_sys_rom.psm
 turn_on       037   vi_sys_rom.psm
 turn_off      03A   vi_sys_rom.psm
 start_delay   03D   vi_sys_rom.psm
 delay_for_0   03E   vi_sys_rom.psm
 delay_for_1   041   vi_sys_rom.psm
 delay_for_2   044   vi_sys_rom.psm
 delay_end     047   vi_sys_rom.psm



Instruction usage statistics

 Instruction    Instances

 LOAD              4
 STAR              -

 AND               1
 OR                -
 XOR               -

 ADD               -
 ADDCY             -
 SUB               3
 SUBCY             -

 TEST              -
 TESTCY            -
 COMPARE           -
 COMPARECY         -

 SL0               -
 SL1               -
 SLX               -
 SLA               -
 RL                -
 SR0               -
 SR1               -
 SRX               -
 SRA               -
 RR                -

 REGBANK           -

 INPUT             2
 OUTPUT            2
 OUTPUTK           -

 STORE             -
 FETCH             -

 DISABLE           -
 ENABLE            -
 RETURNI           -

 JUMP              9
 JUMP@             -
 CALL             48
 CALL@             -
 RETURN            3
 LOAD&RETURN       -

 HWBUILD           -



End of KCPSM6 log file.
