KCPSM6 Assembler log file for program 'Z:\practical_1_v3\code.psm'.
Generated by KCPSM6 version v2.31
Ken Chapman - Xilinx Ltd - 9th August 2012

Assembly datestamp: 03 Mar 2023
Assembly timestamp: 07:08:38

Contents
  Assembly listing
  List of PSM files
  List of CONSTANTs
  List of TABLEs
  List of STRINGs
  List of line labels
  Instruction usage statistics


Last occupied address: 025 hex
Nominal program memory size: 1K (1024)   address(9:0)
Actual memory size: 4096
  (Default memory size)
Occupied memory locations: 38
Memory locations available: 4058


Assembly listing

 Addr Code               Instruction

 000            turn_on: 
 000  01401              LOAD s4, 01
 001  2D400              OUTPUT s4, 00
 002  010FA              LOAD s0, FA
 003          on_loop_0: 
 003  0D000              TEST s0, 00
 004  36013              JUMP NZ, 013[turn_off]
 005  19001              SUB s0, 01
 006  011FA              LOAD s1, FA
 007          on_loop_1: 
 007  0D100              TEST s1, 00
 008  36003              JUMP NZ, 003[on_loop_0]
 009  19101              SUB s1, 01
 00A  01284              LOAD s2, 84
 00B          on_loop_2: 
 00B  0D200              TEST s2, 00
 00C  36007              JUMP NZ, 007[on_loop_1]
 00D  19201              SUB s2, 01
 00E  01306              LOAD s3, 06
 00F          on_loop_3: 
 00F  0D300              TEST s3, 00
 010  3600B              JUMP NZ, 00B[on_loop_2]
 011  19301              SUB s3, 01
 012  2200F              JUMP 00F[on_loop_3]
 013           turn_off: 
 013  01401              LOAD s4, 01
 014  2D400              OUTPUT s4, 00
 015  010FA              LOAD s0, FA
 016         off_loop_0: 
 016  0D000              TEST s0, 00
 017  36000              JUMP NZ, 000[turn_on]
 018  19001              SUB s0, 01
 019  011FA              LOAD s1, FA
 01A         off_loop_1: 
 01A  0D100              TEST s1, 00
 01B  36016              JUMP NZ, 016[off_loop_0]
 01C  19101              SUB s1, 01
 01D  01284              LOAD s2, 84
 01E         off_loop_2: 
 01E  0D200              TEST s2, 00
 01F  3601A              JUMP NZ, 01A[off_loop_1]
 020  19201              SUB s2, 01
 021  01302              LOAD s3, 02
 022         off_loop_3: 
 022  0D300              TEST s3, 00
 023  3601E              JUMP NZ, 01E[off_loop_2]
 024  19301              SUB s3, 01
 025  22022              JUMP 022[off_loop_3]



List of PSM files that have been assembled

Z:\practical_1_v3\code.psm



List of defined constants

 CONSTANT name     Value        Source PSM File

 timestamp_hours   07'd         
 timestamp_minutes 08'd         
 timestamp_seconds 38'd         
 datestamp_year    23'd         
 datestamp_month   3'd          
 datestamp_day     03'd         



No TABLEs defined



List of text strings

 STRING name       String         Source PSM File

 KCPSM6_version$   "v2.31"        
 datestamp$        "03 Mar 2023"  
 timestamp$        "07:08:38"     



List of line labels

 Label        Addr  Source PSM File

 turn_on      000   code.psm
 on_loop_0    003   code.psm
 on_loop_1    007   code.psm
 on_loop_2    00B   code.psm
 on_loop_3    00F   code.psm
 turn_off     013   code.psm
 off_loop_0   016   code.psm
 off_loop_1   01A   code.psm
 off_loop_2   01E   code.psm
 off_loop_3   022   code.psm



Instruction usage statistics

 Instruction    Instances

 LOAD             10
 STAR              -

 AND               -
 OR                -
 XOR               -

 ADD               -
 ADDCY             -
 SUB               8
 SUBCY             -

 TEST              8
 TESTCY            -
 COMPARE           -
 COMPARECY         -

 SL0               -
 SL1               -
 SLX               -
 SLA               -
 RL                -
 SR0               -
 SR1               -
 SRX               -
 SRA               -
 RR                -

 REGBANK           -

 INPUT             -
 OUTPUT            2
 OUTPUTK           -

 STORE             -
 FETCH             -

 DISABLE           -
 ENABLE            -
 RETURNI           -

 JUMP             10
 JUMP@             -
 CALL              -
 CALL@             -
 RETURN            -
 LOAD&RETURN       -

 HWBUILD           -



End of KCPSM6 log file.
